Maciej Jankowski,Arka Gdynia
Bartosz Bida,Jagiellonia Białystok
Taras Romanczuk,Jagiellonia Białystok
Azer Busuladzic,Arka Gdynia
Jesus Imaz,Jagiellonia Białystok
Jesus Imaz,Jagiellonia Białystok
Kamil Antonik,Arka Gdynia
Taras Romanczuk,Jagiellonia Białystok
Adam Deja,Arka Gdynia
Jesus Imaz,Jagiellonia Białystok
Bartosz Bida,Jagiellonia Białystok
Aleksandar Kolev,Arka Gdynia
Goran Cvijanovic,Arka Gdynia
Aleksandar Kolev,Arka Gdynia
Bartosz Bida,Jagiellonia Białystok
Mateusz Mlynski,Arka Gdynia
Ognjen Mudrinski,Jagiellonia Białystok
Mateusz Mlynski,Arka Gdynia
Kamil Antonik,Arka Gdynia
Taras Romanczuk,Jagiellonia Białystok
Kamil Antonik,Arka Gdynia
Adam Deja,Arka Gdynia
Rafal Siemaszko,Arka Gdynia
Kamil Antonik,Arka Gdynia
Lukasz Sekulski,ŁKS Łódź
Bartlomiej Kalinkowski,ŁKS Łódź
Ramirez,ŁKS Łódź
Bartlomiej Kalinkowski,ŁKS Łódź
Filip Mladenovic,Lechia Gdańsk
Lukas Haraslin,Lechia Gdańsk
Maksymilian Rozwandowicz,ŁKS Łódź
Lukas Haraslin,Lechia Gdańsk
Bartlomiej Kalinkowski,ŁKS Łódź
Maciej Wolski,ŁKS Łódź
Ramirez,ŁKS Łódź
Ramirez,ŁKS Łódź
Adrian Klimczak,ŁKS Łódź
Lukas Haraslin,Lechia Gdańsk
Ramirez,ŁKS Łódź
Lukas Haraslin,Lechia Gdańsk
Maciej Wolski,ŁKS Łódź
Maciej Wolski,ŁKS Łódź
Ramirez,ŁKS Łódź
Lukas Haraslin,Lechia Gdańsk
Rafal Kujawa,ŁKS Łódź
Daniel Lukasik,Lechia Gdańsk
Ramirez,ŁKS Łódź
Jaroslaw Kubicki,Lechia Gdańsk
Ramirez,ŁKS Łódź
Maciej Wolski,ŁKS Łódź
Jose Ruiz,ŁKS Łódź
Bartlomiej Kalinkowski,ŁKS Łódź
Maciej Wolski,ŁKS Łódź
Artur Bogusz,ŁKS Łódź
Ramirez,ŁKS Łódź
Artur Bogusz,ŁKS Łódź
Adrian Klimczak,ŁKS Łódź
Rafal Kujawa,ŁKS Łódź
Uros Duranovic,Korona Kielce
Uros Duranovic,Korona Kielce
Erik Pacinda,Korona Kielce
Erik Pacinda,Korona Kielce
Erik Pacinda,Korona Kielce
Marcin Cebula,Korona Kielce
Uros Duranovic,Korona Kielce
Igor Sapala,Raków Częstochowa
Ruslan Babenko,Raków Częstochowa
Erik Pacinda,Korona Kielce
Michael Gardawski,Korona Kielce
Uros Duranovic,Korona Kielce
Bryan Nouvier,Raków Częstochowa
Milosz Szczepanski,Raków Częstochowa
Michal Papadopulos,Korona Kielce
Matej Pucko,Korona Kielce
Matej Pucko,Korona Kielce
Daniel Dziwniel,Korona Kielce
Robert Pich,Śląsk Wrocław
Robert Pich,Śląsk Wrocław
Dino Stiglec,Śląsk Wrocław
Jean Carlos,Wisła Kraków
Jean Carlos,Wisła Kraków
Robert Pich,Śląsk Wrocław
Michal Chrapek,Śląsk Wrocław
Krzysztof Drzazga,Wisła Kraków
Krzysztof Maczynski,Śląsk Wrocław
Damian Gaska,Śląsk Wrocław
Michal Chrapek,Śląsk Wrocław
Kamil Wojtkowski,Wisła Kraków
Krzysztof Drzazga,Wisła Kraków
Damian Gaska,Śląsk Wrocław
Michal Mak,Wisła Kraków
Daniel Szczepan,Śląsk Wrocław
Dino Stiglec,Śląsk Wrocław
Rafal Boguski,Wisła Kraków
Damian Gaska,Śląsk Wrocław
Robert Pich,Śląsk Wrocław
Lubambo Musonda,Śląsk Wrocław
Lubambo Musonda,Śląsk Wrocław
Krzysztof Maczynski,Śląsk Wrocław
Denys Balaniuk,Wisła Kraków
Rafal Boguski,Wisła Kraków
Michal Mak,Wisła Kraków
Djordje Crnomarkovic, Lech Poznań
Jorge Felix,Piast Gliwice
Djordje Crnomarkovic, Lech Poznań
Karlo Muhar, Lech Poznań
Darko Jevtic, Lech Poznań
Robert Gumny, Lech Poznań
Pedro Tiba, Lech Poznań
Pedro Tiba, Lech Poznań
Tymoteusz Puchacz, Lech Poznań
João Amaral, Lech Poznań
Mikkel Kirkeskov,Piast Gliwice
Piotr Parzyszek,Piast Gliwice
Patryk Dziczek,Piast Gliwice
Piotr Parzyszek,Piast Gliwice
Kamil Jozwiak, Lech Poznań
João Amaral, Lech Poznań
Patryk Sokolowski,Piast Gliwice
Piotr Parzyszek,Piast Gliwice
João Amaral, Lech Poznań
Tymoteusz Puchacz, Lech Poznań
João Amaral, Lech Poznań
Tymoteusz Puchacz, Lech Poznań
Pedro Tiba, Lech Poznań
Karlo Muhar, Lech Poznań
Darko Jevtic, Lech Poznań
Pawel Tomczyk, Lech Poznań
Maciej Makuszewski, Lech Poznań
Milan Dimun,Cracovia
Damjan Bohar,KGHM Zagłębie Lubin
Rafael Lopes,Cracovia
Filip Starzynski,KGHM Zagłębie Lubin
Damjan Bohar,KGHM Zagłębie Lubin
Bojan Cecaric,Cracovia
Rafael Lopes,Cracovia
Janusz Gol,Cracovia
Mateusz Wdowiak,Cracovia
Lubomir Guldan,KGHM Zagłębie Lubin
Rafael Lopes,Cracovia
Sasa Balic,KGHM Zagłębie Lubin
Niko Datkovic,Cracovia
Filip Starzynski,KGHM Zagłębie Lubin
Rafael Lopes,Cracovia
Sergiu Hanca,Cracovia
Alan Czerwinski,KGHM Zagłębie Lubin
Rafael Lopes,Cracovia
Sergiu Hanca,Cracovia
Sergiu Hanca,Cracovia
Rafael Lopes,Cracovia
Filip Starzynski,KGHM Zagłębie Lubin
Diego,Cracovia
Valeriane Gvilia,Legia Warszawa
Iker Guarrotxena,Pogoń Szczecin
Adam Buksa,Pogoń Szczecin
Luquinhas,Legia Warszawa
Adam Buksa,Pogoń Szczecin
Konstantinos Triantafyllopoulos,Pogoń Szczecin
Kamil Drygas,Pogoń Szczecin
Tomas Podstawski,Pogoń Szczecin
Zvonimir Kozulj,Pogoń Szczecin
Marko Vesovic,Legia Warszawa
Zvonimir Kozulj,Pogoń Szczecin
Tomasz JodIowiec,Legia Warszawa
Mateusz Praszelik,Legia Warszawa
Tomas Podstawski,Pogoń Szczecin
Artur Jedrzejczyk,Legia Warszawa
Sebastian Kowalczyk,Pogoń Szczecin
Mateusz Praszelik,Legia Warszawa
Mateusz Praszelik,Legia Warszawa
Pawel Stolarski,Legia Warszawa
Sandro Kulenovic,Legia Warszawa
Adam Buksa,Pogoń Szczecin
Kamil Drygas,Pogoń Szczecin
Marcin Listkowski,Pogoń Szczecin
Marko Vesovic,Legia Warszawa
Valeriane Gvilia,Legia Warszawa
Marko Vesovic,Legia Warszawa
Valeriane Gvilia,Legia Warszawa
Tomasz JodIowiec,Legia Warszawa
Valeriane Gvilia,Legia Warszawa
Valeriane Gvilia,Legia Warszawa
Adam Buksa,Pogoń Szczecin
Zvonimir Kozulj,Pogoń Szczecin
Mateusz Wieteska,Legia Warszawa
Pawel Bochniewicz,Górnik Zabrze
Boris Sekulic,Górnik Zabrze
Alen Stevanovic,Wisła Płock
Giorgi Merebashvili,Wisła Płock
Alan Uryga,Wisła Płock
Giorgi Merebashvili,Wisła Płock
Dominik Furman,Wisła Płock
Alasana Manneh,Górnik Zabrze
Erik Janza,Górnik Zabrze
Kamil Zapolnik,Górnik Zabrze
Piotr Tomasik,Wisła Płock
Piotr Tomasik,Wisła Płock
Szymon Matuszek,Górnik Zabrze
Olaf Nowak,Wisła Płock
Piotr Tomasik,Wisła Płock
Mateusz Szwoch,Wisła Płock
Alen Stevanovic,Wisła Płock
Dominik Furman,Wisła Płock
Piotr Tomasik,Wisła Płock
Kamil Zapolnik,Górnik Zabrze
Angulo,Górnik Zabrze
Olaf Nowak,Wisła Płock
Kamil Zapolnik,Górnik Zabrze
Boris Sekulic,Górnik Zabrze
Alan Czerwinski,KGHM Zagłębie Lubin
Boris Sekulic,Górnik Zabrze
Bartosz Slisz,KGHM Zagłębie Lubin
Boris Sekulic,Górnik Zabrze
Filip Starzynski,KGHM Zagłębie Lubin
Pawel Bochniewicz,Górnik Zabrze
Filip Starzynski,KGHM Zagłębie Lubin
Angulo,Górnik Zabrze
Kamil Zapolnik,Górnik Zabrze
Alasana Manneh,Górnik Zabrze
Angulo,Górnik Zabrze
Bartosz Kopacz,KGHM Zagłębie Lubin
Filip Starzynski,KGHM Zagłębie Lubin
Alasana Manneh,Górnik Zabrze
Daniel Scislak,Górnik Zabrze
Patryk Tuszynski,KGHM Zagłębie Lubin
Jesús Jiménez,Górnik Zabrze
Jesús Jiménez,Górnik Zabrze
Jesús Jiménez,Górnik Zabrze
Bartosz Slisz,KGHM Zagłębie Lubin
Sasa Zivec,KGHM Zagłębie Lubin
Alan Czerwinski,KGHM Zagłębie Lubin
Szymon Matuszek,Górnik Zabrze
Angulo,Górnik Zabrze
Filip Starzynski,KGHM Zagłębie Lubin
Lukasz Poreba,KGHM Zagłębie Lubin
Sasa Zivec,KGHM Zagłębie Lubin
Angulo,Górnik Zabrze
Angulo,Górnik Zabrze
Alan Uryga,Wisła Płock
Thomas Rogne, Lech Poznań
Oskar Zawada,Wisła Płock
Tymoteusz Puchacz, Lech Poznań
Darko Jevtic, Lech Poznań
Robert Gumny, Lech Poznań
Olaf Nowak,Wisła Płock
Darko Jevtic, Lech Poznań
Oskar Zawada,Wisła Płock
Kamil Jozwiak, Lech Poznań
Oskar Zawada,Wisła Płock
Dominik Furman,Wisła Płock
Alan Uryga,Wisła Płock
Robert Gumny, Lech Poznań
Darko Jevtic, Lech Poznań
Christian Gytkjar, Lech Poznań
Christian Gytkjar, Lech Poznań
Piotr Tomasik,Wisła Płock
Alan Uryga,Wisła Płock
Mateusz Szwoch,Wisła Płock
Dominik Furman,Wisła Płock
Tymoteusz Puchacz, Lech Poznań
Kamil Jozwiak, Lech Poznań
Christian Gytkjar, Lech Poznań
Rafael Lopes,Cracovia
David Jablonsky,Cracovia
Ramirez,ŁKS Łódź
Rafael Lopes,Cracovia
Lukasz Sekulski,ŁKS Łódź
Michal Siplak,Cracovia
Bojan Cecaric,Cracovia
P. van Amersfoort,Cracovia
David Jablonsky,Cracovia
David Jablonsky,Cracovia
Michal Siplak,Cracovia
Milan Dimun,Cracovia
Ramirez,ŁKS Łódź
Michal Helik,Cracovia
Janusz Gol,Cracovia
David Jablonsky,Cracovia
Ramirez,ŁKS Łódź
Lukasz Sekulski,ŁKS Łódź
Rafael Lopes,Cracovia
Janusz Gol,Cracovia
Maciej Wolski,ŁKS Łódź
Rafael Lopes,Cracovia
Lukasz Sekulski,ŁKS Łódź
P. van Amersfoort,Cracovia
Mateusz Wdowiak,Cracovia
Ramirez,ŁKS Łódź
P. van Amersfoort,Cracovia
Adrian Klimczak,ŁKS Łódź
Artur Bogusz,ŁKS Łódź
Ramirez,ŁKS Łódź
Jose Ruiz,ŁKS Łódź
David Jablonsky,Cracovia
Michal Helik,Cracovia
Sergiu Hanca,Cracovia
Lukasz Piatek,ŁKS Łódź
Jose Ruiz,ŁKS Łódź
Mateusz Wdowiak,Cracovia
Zoran Arsenic,Jagiellonia Białystok
Jakub Wojcicki,Jagiellonia Białystok
F. Brown Forbes,Raków Częstochowa
Bryan Nouvier,Raków Częstochowa
Tomas Petrasek,Raków Częstochowa
Jesus Imaz,Jagiellonia Białystok
Bartosz Bida,Jagiellonia Białystok
F. Brown Forbes,Raków Częstochowa
F. Brown Forbes,Raków Częstochowa
Jesus Imaz,Jagiellonia Białystok
Igor Sapala,Raków Częstochowa
Petr Schwarz,Raków Częstochowa
Nemanja Mitrovic,Jagiellonia Białystok
Ognjen Mudrinski,Jagiellonia Białystok
Patryk Kun,Raków Częstochowa
Sitya,Jagiellonia Białystok
Ruslan Babenko,Raków Częstochowa
Ognjen Mudrinski,Jagiellonia Białystok
Martin Pospisil,Jagiellonia Białystok
Przemyslaw Mystkowski,Jagiellonia Białystok
Ognjen Mudrinski,Jagiellonia Białystok
Tomas Petrasek,Raków Częstochowa
Martin Kostal,Jagiellonia Białystok
Przemyslaw Mystkowski,Jagiellonia Białystok
Przemyslaw Mystkowski,Jagiellonia Białystok
Ognjen Mudrinski,Jagiellonia Białystok
Juan Camara,Jagiellonia Białystok
Jaroslaw Niezgoda,Legia Warszawa
Jaroslaw Niezgoda,Legia Warszawa
Vato Arveladze,Korona Kielce
Michal Papadopulos,Korona Kielce
Arvydas Novikovas,Legia Warszawa
Matej Pucko,Korona Kielce
Matej Pucko,Korona Kielce
Vato Arveladze,Korona Kielce
Vato Arveladze,Korona Kielce
Michal Papadopulos,Korona Kielce
Michal Papadopulos,Korona Kielce
Vato Arveladze,Korona Kielce
Artur Jedrzejczyk,Legia Warszawa
Andre Martins,Legia Warszawa
Valeriane Gvilia,Legia Warszawa
Uros Djuranovic,Korona Kielce
Andre Martins,Legia Warszawa
Artur Jedrzejczyk,Legia Warszawa
Ivan Jukic,Korona Kielce
Michael Gardawski,Korona Kielce
Igor Lewczuk,Legia Warszawa
Valeriane Gvilia,Legia Warszawa
Lubambo Musonda,Śląsk Wrocław
Przemyslaw Placheta,Śląsk Wrocław
Jorge Felix,Piast Gliwice
Przemyslaw Placheta,Śląsk Wrocław
Mateusz Cholewiak,Śląsk Wrocław
Mateusz Cholewiak,Śląsk Wrocław
Bartosz Rymaniak,Piast Gliwice
Piotr Parzyszek,Piast Gliwice
Bartosz Rymaniak,Piast Gliwice
Martin Konczkowski,Piast Gliwice
Piotr Parzyszek,Piast Gliwice
Piotr Parzyszek,Piast Gliwice
Krzysztof Maczynski,Śląsk Wrocław
Krzysztof Maczynski,Śląsk Wrocław
Przemyslaw Placheta,Śląsk Wrocław
Dominik Steczyk,Piast Gliwice
Dominik Steczyk,Piast Gliwice
Przemyslaw Placheta,Śląsk Wrocław
Erik Exposito,Śląsk Wrocław
Jakub Labojko,Śląsk Wrocław
Erik Exposito,Śląsk Wrocław
Jakub Labojko,Śląsk Wrocław
Damian Gaska,Śląsk Wrocław
Jean Carlos,Wisła Kraków
Maciej Gajos,Lechia Gdańsk
Maciej Gajos,Lechia Gdańsk
Maciej Gajos,Lechia Gdańsk
Kamil Wojtkowski,Wisła Kraków
Slawomir Peszko,Lechia Gdańsk
Maciej Sadlok,Wisła Kraków
Slawomir Peszko,Lechia Gdańsk
Michal Nalepa,Lechia Gdańsk
Vullnet Basha,Wisła Kraków
Tomasz Makowski,Lechia Gdańsk
Jean Carlos,Wisła Kraków
Lukas Klemenz,Wisła Kraków
Michal Mak,Wisła Kraków
Jean Carlos,Wisła Kraków
Michal Mak,Wisła Kraków
Michal Mak,Wisła Kraków
Michal Nalepa,Lechia Gdańsk
Jean Carlos,Wisła Kraków
Vullnet Basha,Wisła Kraków
Vullnet Basha,Wisła Kraków
Maciej Gajos,Lechia Gdańsk
Michal Mak,Wisła Kraków
Rafal Kobryn,Lechia Gdańsk
Daniel Morys,Wisła Kraków
Adam Chrzanowski,Lechia Gdańsk
Santeri Hostikka,Pogoń Szczecin
Zvonimir Kozulj,Pogoń Szczecin
Nabil Aankour,Arka Gdynia
Kamil Antonik,Arka Gdynia
Kamil Antonik,Arka Gdynia
Fabian Serrarens,Arka Gdynia
Tomas Podstawski,Pogoń Szczecin
Zvonimir Kozulj,Pogoń Szczecin
Adam Buksa,Pogoń Szczecin
Nabil Aankour,Arka Gdynia
Ricardo Nunes,Pogoń Szczecin
Azer Busuladzic,Arka Gdynia
Adam Buksa,Pogoń Szczecin
Santeri Hostikka,Pogoń Szczecin
Kamil Antonik,Arka Gdynia
Konstantinos Triantafyllopoulos,Pogoń Szczecin
Zvonimir Kozulj,Pogoń Szczecin
Adam Deja,Arka Gdynia
Zvonimir Kozulj,Pogoń Szczecin
Srdan Spiridonovic,Pogoń Szczecin
Matej Pucko,Korona Kielce
Michal Papadopulos,Korona Kielce
Azer Busuladzic,Arka Gdynia
Azer Busuladzic,Arka Gdynia
Nabil Aankour,Arka Gdynia
Michal Nalepa,Arka Gdynia
Jakub Zubrowski,Korona Kielce
Adam Deja,Arka Gdynia
Nabil Aankour,Arka Gdynia
Adam Marciniak,Arka Gdynia
Fabian Serrarens,Arka Gdynia
Fabian Serrarens,Arka Gdynia
Erik Pacinda,Korona Kielce
Jakub Zubrowski,Korona Kielce
Adam Deja,Arka Gdynia
Jakub Zubrowski,Korona Kielce
Adam Deja,Arka Gdynia
Marcin Cebula,Korona Kielce
Michal Nalepa,Arka Gdynia
Adam Deja,Arka Gdynia
Jakub Zubrowski,Korona Kielce
Azer Busuladzic,Arka Gdynia
Adam Deja,Arka Gdynia
Davit Skhirtladze,Arka Gdynia
Michal Nalepa,Arka Gdynia
Mateusz Mlynski,Arka Gdynia
Rodrigo Zalazar Martinez,Korona Kielce
Adam Deja,Arka Gdynia
Lukasz Poreba,KGHM Zagłębie Lubin
Sasa Zivec,KGHM Zagłębie Lubin
Patryk Klimala,Jagiellonia Białystok
Jesus Imaz,Jagiellonia Białystok
Sasa Balic,KGHM Zagłębie Lubin
Bartosz Kopacz,KGHM Zagłębie Lubin
Juan Camara,Jagiellonia Białystok
Jesus Imaz,Jagiellonia Białystok
Jakub Tosik,KGHM Zagłębie Lubin
Tomas Prikryl,Jagiellonia Białystok
Lukasz Poreba,KGHM Zagłębie Lubin
Patryk Szysz,KGHM Zagłębie Lubin
Bartosz Kopacz,KGHM Zagłębie Lubin
Jakub Tosik,KGHM Zagłębie Lubin
Patryk Klimala,Jagiellonia Białystok
Lubomir Guldan,KGHM Zagłębie Lubin
Patryk Szysz,KGHM Zagłębie Lubin
Patryk Klimala,Jagiellonia Białystok
Patryk Klimala,Jagiellonia Białystok
Jakub Tosik,KGHM Zagłębie Lubin
Jesus Imaz,Jagiellonia Białystok
Patryk Szysz,KGHM Zagłębie Lubin
Damjan Bohar,KGHM Zagłębie Lubin
Lubomir Guldan,KGHM Zagłębie Lubin
Damjan Bohar,KGHM Zagłębie Lubin
Martin Kostal,Jagiellonia Białystok
Lukasz Poreba,KGHM Zagłębie Lubin
Ognjen Mudrinski,Jagiellonia Białystok
Ognjen Mudrinski,Jagiellonia Białystok
Marko Poletanovic,Jagiellonia Białystok
Jesus Imaz,Jagiellonia Białystok
Patryk Szysz,KGHM Zagłębie Lubin
Petr Schwarz,Raków Częstochowa
Sergiu Hanca,Cracovia
Andrija Lukovic,Raków Częstochowa
F. Brown Forbes,Raków Częstochowa
Igor Sapala,Raków Częstochowa
F. Brown Forbes,Raków Częstochowa
Michal Siplak,Cracovia
Rafael Lopes,Cracovia
Petr Schwarz,Raków Częstochowa
Mateusz Wdowiak,Cracovia
Mateusz Wdowiak,Cracovia
F. Brown Forbes,Raków Częstochowa
Rafael Lopes,Cracovia
Rafael Lopes,Cracovia
Dawid Szymonowicz,Raków Częstochowa
Andrija Lukovic,Raków Częstochowa
Andrija Lukovic,Raków Częstochowa
Sergiu Hanca,Cracovia
Dawid Szymonowicz,Raków Częstochowa
Cornel Rapa,Cracovia
F. Brown Forbes,Raków Częstochowa
Patryk Kun,Raków Częstochowa
Bryan Nouvier,Raków Częstochowa
Milosz Szczepanski,Raków Częstochowa
Filip Piszczek,Cracovia
Sylwester Lusiusz,Cracovia
Igor Sapala,Raków Częstochowa
Arkadiusz Kasperkiewicz,Raków Częstochowa
F. Brown Forbes,Raków Częstochowa
Tomas Petrasek,Raków Częstochowa
Filip Piszczek,Cracovia
Andrija Lukovic,Raków Częstochowa
Andrija Lukovic,Raków Częstochowa
Tymoteusz Puchacz, Lech Poznań
João Amaral, Lech Poznań
Pedro Tiba, Lech Poznań
Artur Bogusz,ŁKS Łódź
Ramirez,ŁKS Łódź
Rafal Kujawa,ŁKS Łódź
Rafal Kujawa,ŁKS Łódź
Ramirez,ŁKS Łódź
Ramirez,ŁKS Łódź
Pedro Tiba, Lech Poznań
João Amaral, Lech Poznań
Ramirez,ŁKS Łódź
Kamil Jozwiak, Lech Poznań
Darko Jevtic, Lech Poznań
Maciej Wolski,ŁKS Łódź
João Amaral, Lech Poznań
Jose Ruiz,ŁKS Łódź
João Amaral, Lech Poznań
Maciej Wolski,ŁKS Łódź
Ramirez,ŁKS Łódź
Darko Jevtic, Lech Poznań
Christian Gytkjar, Lech Poznań
Rafal Kujawa,ŁKS Łódź
Maksymilian Rozwandowicz,ŁKS Łódź
Ramirez,ŁKS Łódź
Ricardo Guimarães,ŁKS Łódź
Rafal Kujawa,ŁKS Łódź
Wojciech Luczak,ŁKS Łódź
Artur Bogusz,ŁKS Łódź
Filip Marchwinski, Lech Poznań
Wojciech Luczak,ŁKS Łódź
Ramirez,ŁKS Łódź
Jose Ruiz,ŁKS Łódź
Artur Bogusz,ŁKS Łódź
Slawomir Peszko,Lechia Gdańsk
Artur Sobiech,Lechia Gdańsk
Artur Sobiech,Lechia Gdańsk
Oskar Zawada,Wisła Płock
Giorgi Merebashvili,Wisła Płock
Oskar Zawada,Wisła Płock
Damian Rasak,Wisła Płock
Dominik Furman,Wisła Płock
Ricardinho,Wisła Płock
Giorgi Merebashvili,Wisła Płock
Slawomir Peszko,Lechia Gdańsk
Alan Uryga,Wisła Płock
Lukas Haraslin,Lechia Gdańsk
Mateusz Szwoch,Wisła Płock
Alan Uryga,Wisła Płock
Lukas Haraslin,Lechia Gdańsk
Filip Mladenovic,Lechia Gdańsk
Filip Mladenovic,Lechia Gdańsk
Ricardinho,Wisła Płock
Karol Fila,Lechia Gdańsk
Mateusz Szwoch,Wisła Płock
Alan Uryga,Wisła Płock
Dominik Furman,Wisła Płock
Rafal Wolski,Lechia Gdańsk
Dominik Furman,Wisła Płock
Adam Chrzanowski,Lechia Gdańsk
Rafal Wolski,Lechia Gdańsk
Zvonimir Kozulj,Pogoń Szczecin
Jorge Felix,Piast Gliwice
Konstantinos Triantafyllopoulos,Pogoń Szczecin
Ricardo Nunes,Pogoń Szczecin
Ricardo Nunes,Pogoń Szczecin
Patryk Dziczek,Piast Gliwice
Ricardo Nunes,Pogoń Szczecin
Jakub Czerwinski,Piast Gliwice
Tom Hateley,Piast Gliwice
Patryk Sokolowski,Piast Gliwice
Santeri Hostikka,Pogoń Szczecin
Zvonimir Kozulj,Pogoń Szczecin
Piotr Parzyszek,Piast Gliwice
Zvonimir Kozulj,Pogoń Szczecin
Srdan Spiridonovic,Pogoń Szczecin
Srdan Spiridonovic,Pogoń Szczecin
Zvonimir Kozulj,Pogoń Szczecin
Jorge Felix,Piast Gliwice
Jakub Czerwinski,Piast Gliwice
Zvonimir Kozulj,Pogoń Szczecin
Jorge Felix,Piast Gliwice
Mikkel Kirkeskov,Piast Gliwice
Sebastian Kowalczyk,Pogoń Szczecin
Mikkel Kirkeskov,Piast Gliwice
Erik Exposito,Śląsk Wrocław
Arvydas Novikovas,Legia Warszawa
Igor Lewczuk,Legia Warszawa
Jaroslaw Niezgoda,Legia Warszawa
Artur Jedrzejczyk,Legia Warszawa
Erik Exposito,Śląsk Wrocław
Luquinhas,Legia Warszawa
Wojciech Golla,Śląsk Wrocław
Michal Chrapek,Śląsk Wrocław
Robert Pich,Śląsk Wrocław
Arvydas Novikovas,Legia Warszawa
Arvydas Novikovas,Legia Warszawa
Piotr Celeban,Śląsk Wrocław
Przemyslaw Placheta,Śląsk Wrocław
Arvydas Novikovas,Legia Warszawa
Arvydas Novikovas,Legia Warszawa
Robert Pich,Śląsk Wrocław
Valeriane Gvilia,Legia Warszawa
Pawel Stolarski,Legia Warszawa
Jaroslaw Niezgoda,Legia Warszawa
Arvydas Novikovas,Legia Warszawa
Przemyslaw Placheta,Śląsk Wrocław
Arvydas Novikovas,Legia Warszawa
Jaroslaw Niezgoda,Legia Warszawa
Luquinhas,Legia Warszawa
Dominik Nagy,Legia Warszawa
Lukasz Broz,Śląsk Wrocław
Angulo,Górnik Zabrze
Angulo,Górnik Zabrze
Denys Balaniuk,Wisła Kraków
Denys Balaniuk,Wisła Kraków
J. Bauza,Górnik Zabrze
Angulo,Górnik Zabrze
J. Bauza,Górnik Zabrze
Kamil Wojtkowski,Wisła Kraków
Jesús Jiménez,Górnik Zabrze
Maciej Sadlok,Wisła Kraków
J. Bauza,Górnik Zabrze
Denys Balaniuk,Wisła Kraków
Pawel Brozek,Wisła Kraków
Angulo,Górnik Zabrze
Jesús Jiménez,Górnik Zabrze
Jean Carlos,Wisła Kraków
Vukan Savicevic,Wisła Kraków
Krzysztof Drzazga,Wisła Kraków
Kamil Wojtkowski,Wisła Kraków
Pawel Bochniewicz,Górnik Zabrze
Daniel Scislak,Górnik Zabrze
Krzysztof Drzazga,Wisła Kraków
Chuca,Wisła Kraków
